<?xml version="1.0" encoding="UTF-8"?>
<!-- Generated by org.testng.reporters.JUnitReportReporter -->
<testsuite skipped="1" hostname="DESKTOP-IVGPN1D" name="Pra.PraAnnotation" tests="6" failures="0" timestamp="20 Aug 2021 06:39:01 GMT" time="0.036" errors="0">
  <testcase name="regression1" time="0.003" classname="Pra.PraAnnotation"/>
  <testcase name="logOut" time="0.006" classname="Pra.PraAnnotation"/>
  <testcase name="logOut" time="0.014" classname="Pra.PraAnnotation"/>
  <testcase name="logIn" time="0.007" classname="Pra.PraAnnotation"/>
  <testcase name="openPage" time="0.006" classname="Pra.PraAnnotation"/>
  <testcase name="searchMail" classname="Pra.PraAnnotation">
    <skipped/>
  </testcase> <!-- searchMail -->
</testsuite> <!-- Pra.PraAnnotation -->
