<?xml version="1.0" encoding="UTF-8"?>
<!-- Generated by org.testng.reporters.JUnitReportReporter -->
<testsuite skipped="0" hostname="DESKTOP-IVGPN1D" name="ParallerExecutionTest.LogIn" tests="3" failures="0" timestamp="08 Jul 2021 16:41:50 GMT" time="0.039" errors="0">
  <testcase name="EnterUsername" time="0.013" classname="ParallerExecutionTest.LogIn"/>
  <testcase name="ClickLogin" time="0.013" classname="ParallerExecutionTest.LogIn"/>
  <testcase name="EnterPassword" time="0.013" classname="ParallerExecutionTest.LogIn"/>
</testsuite> <!-- ParallerExecutionTest.LogIn -->
