<?xml version="1.0" encoding="UTF-8"?>
<!-- Generated by org.testng.reporters.JUnitReportReporter -->
<testsuite skipped="0" hostname="DESKTOP-IVGPN1D" name="testpackage.Groups" tests="2" failures="0" timestamp="01 Jul 2021 10:15:01 GMT" time="0.004" errors="0">
  <testcase name="FillDetails" time="0.002" classname="testpackage.Groups"/>
  <testcase name="getInfo" time="0.002" classname="testpackage.Groups"/>
</testsuite> <!-- testpackage.Groups -->
