<?xml version="1.0" encoding="UTF-8"?>
<!-- Generated by org.testng.reporters.JUnitReportReporter -->
<testsuite skipped="0" hostname="DESKTOP-IVGPN1D" name="FactoryTest.RegisterForm" tests="4" failures="0" timestamp="01 Jul 2021 16:57:26 GMT" time="0.016" errors="0">
  <testcase name="fillForm" time="0.008" classname="FactoryTest.RegisterForm"/>
  <testcase name="fillForm1" time="0.000" classname="FactoryTest.RegisterForm"/>
  <testcase name="fillForm" time="0.008" classname="FactoryTest.RegisterForm"/>
  <testcase name="fillForm1" time="0.000" classname="FactoryTest.RegisterForm"/>
</testsuite> <!-- FactoryTest.RegisterForm -->
