<?xml version="1.0" encoding="UTF-8"?>
<!-- Generated by org.testng.reporters.JUnitReportReporter -->
<testsuite skipped="1" hostname="DESKTOP-IVGPN1D" name="Pra.PraAll" tests="4" failures="0" timestamp="19 Nov 2021 11:08:01 GMT" time="0.010" errors="0">
  <testcase name="Login" time="0.006" classname="Pra.PraAll"/>
  <testcase name="Inbox" time="0.003" classname="Pra.PraAll"/>
  <testcase name="CloseWindow" time="0.001" classname="Pra.PraAll"/>
  <testcase name="LogOut" classname="Pra.PraAll">
    <skipped/>
  </testcase> <!-- LogOut -->
</testsuite> <!-- Pra.PraAll -->
