<?xml version="1.0" encoding="UTF-8"?>
<!-- Generated by org.testng.reporters.JUnitReportReporter -->
<testsuite skipped="0" hostname="DESKTOP-IVGPN1D" name="PraDataProvider.Login" tests="8" failures="0" timestamp="23 Aug 2021 07:08:10 GMT" time="0.030" errors="0">
  <testcase name="LoginTest" time="0.000" classname="PraDataProvider.Login"/>
  <testcase name="LoginTest" time="0.000" classname="PraDataProvider.Login"/>
  <testcase name="NegativeTesting" time="0.000" classname="PraDataProvider.Login"/>
  <testcase name="PraTest" time="0.000" classname="PraDataProvider.Login"/>
  <testcase name="LoginTest" time="0.015" classname="PraDataProvider.Login"/>
  <testcase name="PraTest" time="0.000" classname="PraDataProvider.Login"/>
  <testcase name="NegativeTesting" time="0.000" classname="PraDataProvider.Login"/>
  <testcase name="NegativeTesting" time="0.015" classname="PraDataProvider.Login"/>
</testsuite> <!-- PraDataProvider.Login -->
