<?xml version="1.0" encoding="UTF-8"?>
<!-- Generated by org.testng.reporters.JUnitReportReporter -->
<testsuite skipped="0" hostname="DESKTOP-IVGPN1D" name="DataProviderPra.LoginTest" tests="6" failures="0" timestamp="01 Jul 2021 16:01:03 GMT" time="0.040" errors="0">
  <testcase name="LogInTest" time="0.016" classname="DataProviderPra.LoginTest"/>
  <testcase name="LogInTest" time="0.000" classname="DataProviderPra.LoginTest"/>
  <testcase name="NegativeTesting" time="0.008" classname="DataProviderPra.LoginTest"/>
  <testcase name="LogInTest" time="0.008" classname="DataProviderPra.LoginTest"/>
  <testcase name="NegativeTesting" time="0.008" classname="DataProviderPra.LoginTest"/>
  <testcase name="NegativeTesting" time="0.000" classname="DataProviderPra.LoginTest"/>
</testsuite> <!-- DataProviderPra.LoginTest -->
