<?xml version="1.0" encoding="UTF-8"?>
<!-- Generated by org.testng.reporters.JUnitReportReporter -->
<testsuite skipped="0" hostname="DESKTOP-IVGPN1D" name="testpackage.Annotation2" tests="1" failures="0" timestamp="01 Jul 2021 10:15:01 GMT" time="0.012" errors="0">
  <testcase name="Dog" time="0.012" classname="testpackage.Annotation2"/>
</testsuite> <!-- testpackage.Annotation2 -->
