<?xml version="1.0" encoding="UTF-8"?>
<!-- Generated by org.testng.reporters.JUnitReportReporter -->
<testsuite skipped="0" hostname="DESKTOP-IVGPN1D" name="Pra.Login" tests="2" failures="0" timestamp="25 Sep 2021 05:06:16 GMT" time="0.189" errors="0">
  <testcase name="TestLogin" time="0.169" classname="Pra.Login"/>
  <testcase name="TestLogin" time="0.020" classname="Pra.Login"/>
</testsuite> <!-- Pra.Login -->
