<?xml version="1.0" encoding="UTF-8"?>
<!-- Generated by org.testng.reporters.JUnitReportReporter -->
<testsuite skipped="0" hostname="DESKTOP-IVGPN1D" name="FactoryTest.TestClass" tests="4" failures="0" timestamp="01 Jul 2021 16:57:26 GMT" time="0.016" errors="0">
  <testcase name="loginUser" time="0.000" classname="FactoryTest.TestClass"/>
  <testcase name="loginUser" time="0.008" classname="FactoryTest.TestClass"/>
  <testcase name="loginPass" time="0.000" classname="FactoryTest.TestClass"/>
  <testcase name="loginPass" time="0.008" classname="FactoryTest.TestClass"/>
</testsuite> <!-- FactoryTest.TestClass -->
