<?xml version="1.0" encoding="UTF-8"?>
<!-- Generated by org.testng.reporters.JUnitReportReporter -->
<testsuite skipped="0" hostname="DESKTOP-IVGPN1D" name="TestListener.NewTestListener" tests="1" failures="0" timestamp="25 Sep 2021 04:48:28 GMT" time="0.011" errors="0">
  <testcase name="launchURL" time="0.011" classname="TestListener.NewTestListener"/>
</testsuite> <!-- TestListener.NewTestListener -->
