<?xml version="1.0" encoding="UTF-8"?>
<!-- Generated by org.testng.reporters.JUnitReportReporter -->
<testsuite skipped="0" hostname="DESKTOP-IVGPN1D" name="testpackage.AnnotationSequence" tests="1" failures="0" timestamp="20 Aug 2021 11:07:28 GMT" time="0.008" errors="0">
  <testcase name="cat" time="0.008" classname="testpackage.AnnotationSequence"/>
</testsuite> <!-- testpackage.AnnotationSequence -->
