<?xml version="1.0" encoding="UTF-8"?>
<!-- Generated by org.testng.reporters.JUnitReportReporter -->
<testsuite skipped="0" hostname="DESKTOP-IVGPN1D" name="testpackage.Annotation3" tests="2" failures="0" timestamp="19 Aug 2021 10:41:12 GMT" time="0.015" errors="0">
  <testcase name="checkEmail" time="0.015" classname="testpackage.Annotation3"/>
  <testcase name="inbox" time="0.000" classname="testpackage.Annotation3"/>
</testsuite> <!-- testpackage.Annotation3 -->
