<?xml version="1.0" encoding="UTF-8"?>
<!-- Generated by org.testng.reporters.JUnitReportReporter -->
<testsuite skipped="0" hostname="DESKTOP-IVGPN1D" name="ParallerExecutionTest.LogOutTest" tests="2" failures="0" timestamp="08 Jul 2021 16:40:12 GMT" time="0.023" errors="0">
  <testcase name="Logout" time="0.015" classname="ParallerExecutionTest.LogOutTest"/>
  <testcase name="closeWindo" time="0.008" classname="ParallerExecutionTest.LogOutTest"/>
</testsuite> <!-- ParallerExecutionTest.LogOutTest -->
